<html>
<head>
<title>TestNG:  Personal Loan Test</title>
<link href="../testng.css" rel="stylesheet" type="text/css" />
<link href="../my-testng.css" rel="stylesheet" type="text/css" />

<style type="text/css">
.log { display: none;} 
.stack-trace { display: none;} 
</style>
<script type="text/javascript">
<!--
function flip(e) {
  current = e.style.display;
  if (current == 'block') {
    e.style.display = 'none';
    return 0;
  }
  else {
    e.style.display = 'block';
    return 1;
  }
}

function toggleBox(szDivId, elem, msg1, msg2)
{
  var res = -1;  if (document.getElementById) {
    res = flip(document.getElementById(szDivId));
  }
  else if (document.all) {
    // this is the way old msie versions work
    res = flip(document.all[szDivId]);
  }
  if(elem) {
    if(res == 0) elem.innerHTML = msg1; else elem.innerHTML = msg2;
  }

}

function toggleAllBoxes() {
  if (document.getElementsByTagName) {
    d = document.getElementsByTagName('div');
    for (i = 0; i < d.length; i++) {
      if (d[i].className == 'log') {
        flip(d[i]);
      }
    }
  }
}

// -->
</script>

</head>
<body>
<h2 align='center'>Personal Loan Test</h2><table border='1' align="center">
<tr>
<td>Tests passed/Failed/Skipped:</td><td>9/2/0</td>
</tr><tr>
<td>Started on:</td><td>Fri Jan 10 23:51:29 IST 2025</td>
</tr>
<tr><td>Total time:</td><td>0 seconds (135 ms)</td>
</tr><tr>
<td>Included groups:</td><td></td>
</tr><tr>
<td>Excluded groups:</td><td></td>
</tr>
</table><p/>
<small><i>(Hover the method name to see the test class name)</i></small><p/>
<table width='100%' border='1' class='invocation-failed'>
<tr><td colspan='4' align='center'><b>FAILED TESTS</b></td></tr>
<tr><td><b>Test method</b></td>
<td><b>Attribute(s)</b></td>
<td width="30%"><b>Exception</b></td>
<td width="10%"><b>Time (seconds)</b></td>
<td><b>Instance</b></td>
</tr>
<tr>
<td title='testng_tests.Day1.firsttest()'><b>firsttest</b><br>Test class: testng_tests.Day1</td>
<td><div><pre>org.testng.TestNGException: 
Parameter &apos;URL&apos; is required by @Test on method firsttest but has not been marked @Optional or defined
in C:\Users\Jayashri_Mannur\workspace\TestProject\testng2.xml
	at java.base/java.util.ArrayList.forEach(ArrayList.java:1596)
... Removed 26 stack frames</pre></div><a href='#' onClick='toggleBox("stack-trace360207322", this, "Click to show all stack frames", "Click to hide stack frames")'>Click to show all stack frames</a>
<div class='stack-trace' id='stack-trace360207322'><pre>org.testng.TestNGException: 
Parameter &apos;URL&apos; is required by @Test on method firsttest but has not been marked @Optional or defined
in C:\Users\Jayashri_Mannur\workspace\TestProject\testng2.xml
	at org.testng.internal.Parameters.createParams(Parameters.java:267)
	at org.testng.internal.Parameters.createParametersForMethod(Parameters.java:355)
	at org.testng.internal.Parameters.createParameters(Parameters.java:684)
	at org.testng.internal.Parameters.handleParameters(Parameters.java:879)
	at org.testng.internal.Parameters.handleParameters(Parameters.java:728)
	at org.testng.internal.invokers.ParameterHandler.handleParameters(ParameterHandler.java:72)
	at org.testng.internal.invokers.ParameterHandler.createParameters(ParameterHandler.java:51)
	at org.testng.internal.invokers.TestInvoker$MethodInvocationAgent.invoke(TestInvoker.java:924)
	at org.testng.internal.invokers.TestInvoker.invokeTestMethods(TestInvoker.java:194)
	at org.testng.internal.invokers.TestMethodWorker.invokeTestMethods(TestMethodWorker.java:148)
	at org.testng.internal.invokers.TestMethodWorker.run(TestMethodWorker.java:128)
	at java.base/java.util.ArrayList.forEach(ArrayList.java:1596)
	at org.testng.TestRunner.privateRun(TestRunner.java:829)
	at org.testng.TestRunner.run(TestRunner.java:602)
	at org.testng.SuiteRunner.runTest(SuiteRunner.java:437)
	at org.testng.SuiteRunner.runSequentially(SuiteRunner.java:431)
	at org.testng.SuiteRunner.privateRun(SuiteRunner.java:391)
	at org.testng.SuiteRunner.run(SuiteRunner.java:330)
	at org.testng.SuiteRunnerWorker.runSuite(SuiteRunnerWorker.java:52)
	at org.testng.SuiteRunnerWorker.run(SuiteRunnerWorker.java:95)
	at org.testng.TestNG.runSuitesSequentially(TestNG.java:1256)
	at org.testng.TestNG.runSuitesLocally(TestNG.java:1176)
	at org.testng.TestNG.runSuites(TestNG.java:1099)
	at org.testng.TestNG.run(TestNG.java:1067)
	at org.testng.remote.AbstractRemoteTestNG.run(AbstractRemoteTestNG.java:115)
	at org.testng.remote.RemoteTestNG.initAndRun(RemoteTestNG.java:251)
	at org.testng.remote.RemoteTestNG.main(RemoteTestNG.java:77)
</pre></div></td>
<td>0</td>
<td>testng_tests.Day1@73a1e9a9</td></tr>
<tr>
<td title='testng_tests.Day4.apiloginCarLoan()'><b>apiloginCarLoan</b><br>Test class: testng_tests.Day4</td>
<td><div><pre>java.lang.AssertionError: expected [true] but found [false]
	at testng_tests.Day4.apiloginCarLoan(Day4.java:29)
	at java.base/java.util.concurrent.FutureTask.run(FutureTask.java:317)
	at java.base/java.util.concurrent.ThreadPoolExecutor.runWorker(ThreadPoolExecutor.java:1144)
	at java.base/java.util.concurrent.ThreadPoolExecutor$Worker.run(ThreadPoolExecutor.java:642)
	at java.base/java.lang.Thread.run(Thread.java:1583)
... Removed 10 stack frames</pre></div><a href='#' onClick='toggleBox("stack-trace585324508", this, "Click to show all stack frames", "Click to hide stack frames")'>Click to show all stack frames</a>
<div class='stack-trace' id='stack-trace585324508'><pre>java.lang.AssertionError: expected [true] but found [false]
	at org.testng.Assert.fail(Assert.java:110)
	at org.testng.Assert.failNotEquals(Assert.java:1413)
	at org.testng.Assert.assertTrue(Assert.java:56)
	at org.testng.Assert.assertTrue(Assert.java:66)
	at testng_tests.Day4.apiloginCarLoan(Day4.java:29)
	at java.base/jdk.internal.reflect.DirectMethodHandleAccessor.invoke(DirectMethodHandleAccessor.java:103)
	at java.base/java.lang.reflect.Method.invoke(Method.java:580)
	at org.testng.internal.invokers.MethodInvocationHelper.invokeMethod(MethodInvocationHelper.java:139)
	at org.testng.internal.invokers.InvokeMethodRunnable.runOne(InvokeMethodRunnable.java:47)
	at org.testng.internal.invokers.InvokeMethodRunnable.call(InvokeMethodRunnable.java:76)
	at org.testng.internal.invokers.InvokeMethodRunnable.call(InvokeMethodRunnable.java:11)
	at java.base/java.util.concurrent.FutureTask.run(FutureTask.java:317)
	at java.base/java.util.concurrent.ThreadPoolExecutor.runWorker(ThreadPoolExecutor.java:1144)
	at java.base/java.util.concurrent.ThreadPoolExecutor$Worker.run(ThreadPoolExecutor.java:642)
	at java.base/java.lang.Thread.run(Thread.java:1583)
</pre></div></td>
<td>0</td>
<td>testng_tests.Day4@765d7657</td></tr>
</table><p>
<table width='100%' border='1' class='invocation-passed'>
<tr><td colspan='4' align='center'><b>PASSED TESTS</b></td></tr>
<tr><td><b>Test method</b></td>
<td><b>Attribute(s)</b></td>
<td width="30%"><b>Exception</b></td>
<td width="10%"><b>Time (seconds)</b></td>
<td><b>Instance</b></td>
</tr>
<tr>
<td title='testng_tests.Day3.webfunctionHomeLoan()'><b>webfunctionHomeLoan</b><br>Test class: testng_tests.Day3</td>
<td></td>
<td>0</td>
<td>testng_tests.Day3@443118b0</td></tr>
<tr>
<td title='testng_tests.Day4.mobileloginCarLoan()'><b>mobileloginCarLoan</b><br>Test class: testng_tests.Day4</td>
<td></td>
<td>0</td>
<td>testng_tests.Day4@765d7657</td></tr>
<tr>
<td title='testng_tests.Day4.webloginCarLoan()'><b>webloginCarLoan</b><br>Test class: testng_tests.Day4<br>Parameters: Username3, Password3</td>
<td></td>
<td>0</td>
<td>testng_tests.Day4@765d7657</td></tr>
<tr>
<td title='testng_tests.Day4.webloginCarLoan()'><b>webloginCarLoan</b><br>Test class: testng_tests.Day4<br>Parameters: Username2, Password2</td>
<td></td>
<td>0</td>
<td>testng_tests.Day4@765d7657</td></tr>
<tr>
<td title='testng_tests.Day3.mobileloginHomeLoan()'><b>mobileloginHomeLoan</b><br>Test class: testng_tests.Day3</td>
<td></td>
<td>0</td>
<td>testng_tests.Day3@443118b0</td></tr>
<tr>
<td title='testng_tests.Day3.apiloginHomeLoan()'><b>apiloginHomeLoan</b><br>Test class: testng_tests.Day3</td>
<td></td>
<td>0</td>
<td>testng_tests.Day3@443118b0</td></tr>
<tr>
<td title='testng_tests.Day4.webloginCarLoan()'><b>webloginCarLoan</b><br>Test class: testng_tests.Day4<br>Parameters: Username1, Password1</td>
<td></td>
<td>0</td>
<td>testng_tests.Day4@765d7657</td></tr>
<tr>
<td title='testng_tests.Day1.secondtest()'><b>secondtest</b><br>Test class: testng_tests.Day1</td>
<td></td>
<td>0</td>
<td>testng_tests.Day1@73a1e9a9</td></tr>
<tr>
<td title='testng_tests.Day2.thirdtest()'><b>thirdtest</b><br>Test class: testng_tests.Day2</td>
<td></td>
<td>0</td>
<td>testng_tests.Day2@78691363</td></tr>
</table><p>
</body>
</html>