<?xml version="1.0" encoding="UTF-8"?>
<!-- Generated by org.testng.reporters.JUnitXMLReporter -->
<testsuite ignored="2" hostname="RACIT061" failures="2" tests="11" name="Personal Loan Test" time="0.135" errors="0" timestamp="2025-01-10T23:51:29 IST">
  <testcase classname="testng_tests.Day1" name="firsttest" time="0.0">
    <failure type="org.testng.TestNGException" message="
Parameter &amp;apos;URL&amp;apos; is required by @Test on method firsttest but has not been marked @Optional or defined
in C:\Users\Jayashri_Mannur\workspace\TestProject\testng2.xml">
      <![CDATA[org.testng.TestNGException: 
Parameter 'URL' is required by @Test on method firsttest but has not been marked @Optional or defined
in C:\Users\Jayashri_Mannur\workspace\TestProject\testng2.xml
at java.base/java.util.ArrayList.forEach(ArrayList.java:1596)
... Removed 26 stack frames]]>
    </failure>
  </testcase> <!-- firsttest -->
  <testcase classname="testng_tests.Day1" name="secondtest" time="0.002"/>
  <testcase classname="testng_tests.Day2" name="thirdtest" time="0.002"/>
  <testcase classname="testng_tests.Day3" name="mobileloginHomeLoan" time="0.001"/>
  <testcase classname="testng_tests.Day3" name="webfunctionHomeLoan" time="0.002"/>
  <testcase classname="testng_tests.Day3" name="apiloginHomeLoan" time="0.002"/>
  <testcase classname="testng_tests.Day4" name="apiloginCarLoan" time="0.011">
    <failure type="java.lang.AssertionError" message="expected [true] but found [false]">
      <![CDATA[java.lang.AssertionError: expected [true] but found [false]
at testng_tests.Day4.apiloginCarLoan(Day4.java:29)
at java.base/java.util.concurrent.FutureTask.run(FutureTask.java:317)
at java.base/java.util.concurrent.ThreadPoolExecutor.runWorker(ThreadPoolExecutor.java:1144)
at java.base/java.util.concurrent.ThreadPoolExecutor$Worker.run(ThreadPoolExecutor.java:642)
at java.base/java.lang.Thread.run(Thread.java:1583)
... Removed 10 stack frames]]>
    </failure>
  </testcase> <!-- apiloginCarLoan -->
  <testcase classname="testng_tests.Day4" name="mobileloginCarLoan" time="0.001"/>
  <testcase classname="testng_tests.Day4" name="webloginCarLoan" time="0.004"/>
  <testcase classname="testng_tests.Day4" name="webloginCarLoan" time="0.001"/>
  <testcase classname="testng_tests.Day4" name="webloginCarLoan" time="0.0"/>
  <testcase classname="testng_tests.Day3" name="weblogoutHomeLoan" time="0.0">
    <ignored/>
  </testcase> <!-- weblogoutHomeLoan -->
  <testcase classname="testng_tests.Day3" name="webloginHomeLoan" time="0.0">
    <ignored/>
  </testcase> <!-- webloginHomeLoan -->
</testsuite> <!-- Personal Loan Test -->
