<?xml version="1.0" encoding="UTF-8"?>
<!-- Generated by org.testng.reporters.JUnitXMLReporter -->
<testsuite ignored="0" hostname="RACIT061" failures="2" tests="5" name="Purchase Test" time="49.678" errors="0" timestamp="2025-01-10T22:24:32 IST">
  <testcase classname="shoppingcart.test.LoginTest" name="submitOrderTest" time="7.058"/>
  <testcase classname="shoppingcart.test.LoginTest" name="submitOrderTest" time="5.937"/>
  <testcase classname="shoppingcart.test.LoginTest" name="submitOrderTest_updated" time="6.276">
    <failure type="java.lang.AssertionError" message="expected [THANKYOU FOR THE ORDER] but found [THANKYOU FOR THE ORDER.]">
      <![CDATA[java.lang.AssertionError: expected [THANKYOU FOR THE ORDER] but found [THANKYOU FOR THE ORDER.]
at shoppingcart.test.LoginTest.submitOrderTest_updated(LoginTest.java:88)
at java.base/java.util.ArrayList.forEach(ArrayList.java:1596)
at java.base/java.util.concurrent.FutureTask.run(FutureTask.java:317)
at java.base/java.util.concurrent.ThreadPoolExecutor.runWorker(ThreadPoolExecutor.java:1144)
at java.base/java.util.concurrent.ThreadPoolExecutor$Worker.run(ThreadPoolExecutor.java:642)
at java.base/java.lang.Thread.run(Thread.java:1583)
... Removed 21 stack frames]]>
    </failure>
  </testcase> <!-- submitOrderTest_updated -->
  <testcase classname="shoppingcart.test.LoginTest" name="submitOrderTest_updated" time="5.636">
    <failure type="java.lang.AssertionError" message="expected [THANKYOU FOR THE ORDER] but found [THANKYOU FOR THE ORDER.]">
      <![CDATA[java.lang.AssertionError: expected [THANKYOU FOR THE ORDER] but found [THANKYOU FOR THE ORDER.]
at shoppingcart.test.LoginTest.submitOrderTest_updated(LoginTest.java:88)
at java.base/java.util.ArrayList.forEach(ArrayList.java:1596)
at java.base/java.util.concurrent.FutureTask.run(FutureTask.java:317)
at java.base/java.util.concurrent.ThreadPoolExecutor.runWorker(ThreadPoolExecutor.java:1144)
at java.base/java.util.concurrent.ThreadPoolExecutor$Worker.run(ThreadPoolExecutor.java:642)
at java.base/java.lang.Thread.run(Thread.java:1583)
... Removed 21 stack frames]]>
    </failure>
  </testcase> <!-- submitOrderTest_updated -->
  <testcase classname="shoppingcart.test.LoginTest" name="orderHistoryTest" time="1.446"/>
</testsuite> <!-- Purchase Test -->
