<html>
<head>
<title>TestNG:  Regression tests</title>
<link href="../testng.css" rel="stylesheet" type="text/css" />
<link href="../my-testng.css" rel="stylesheet" type="text/css" />

<style type="text/css">
.log { display: none;} 
.stack-trace { display: none;} 
</style>
<script type="text/javascript">
<!--
function flip(e) {
  current = e.style.display;
  if (current == 'block') {
    e.style.display = 'none';
    return 0;
  }
  else {
    e.style.display = 'block';
    return 1;
  }
}

function toggleBox(szDivId, elem, msg1, msg2)
{
  var res = -1;  if (document.getElementById) {
    res = flip(document.getElementById(szDivId));
  }
  else if (document.all) {
    // this is the way old msie versions work
    res = flip(document.all[szDivId]);
  }
  if(elem) {
    if(res == 0) elem.innerHTML = msg1; else elem.innerHTML = msg2;
  }

}

function toggleAllBoxes() {
  if (document.getElementsByTagName) {
    d = document.getElementsByTagName('div');
    for (i = 0; i < d.length; i++) {
      if (d[i].className == 'log') {
        flip(d[i]);
      }
    }
  }
}

// -->
</script>

</head>
<body>
<h2 align='center'>Regression tests</h2><table border='1' align="center">
<tr>
<td>Tests passed/Failed/Skipped:</td><td>8/1/0</td>
</tr><tr>
<td>Started on:</td><td>Tue Dec 31 20:20:14 IST 2024</td>
</tr>
<tr><td>Total time:</td><td>0 seconds (123 ms)</td>
</tr><tr>
<td>Included groups:</td><td></td>
</tr><tr>
<td>Excluded groups:</td><td></td>
</tr>
</table><p/>
<small><i>(Hover the method name to see the test class name)</i></small><p/>
<table width='100%' border='1' class='invocation-failed'>
<tr><td colspan='4' align='center'><b>FAILED TESTS</b></td></tr>
<tr><td><b>Test method</b></td>
<td><b>Attribute(s)</b></td>
<td width="30%"><b>Exception</b></td>
<td width="10%"><b>Time (seconds)</b></td>
<td><b>Instance</b></td>
</tr>
<tr>
<td title='testng_tests.Day4.apiloginCarLoan()'><b>apiloginCarLoan</b><br>Test class: testng_tests.Day4</td>
<td><div><pre>java.lang.AssertionError: expected [true] but found [false]
	at testng_tests.Day4.apiloginCarLoan(Day4.java:29)
	at java.base/java.util.concurrent.FutureTask.run(FutureTask.java:317)
	at java.base/java.util.concurrent.ThreadPoolExecutor.runWorker(ThreadPoolExecutor.java:1144)
	at java.base/java.util.concurrent.ThreadPoolExecutor$Worker.run(ThreadPoolExecutor.java:642)
	at java.base/java.lang.Thread.run(Thread.java:1583)
... Removed 10 stack frames</pre></div><a href='#' onClick='toggleBox("stack-trace472418835", this, "Click to show all stack frames", "Click to hide stack frames")'>Click to show all stack frames</a>
<div class='stack-trace' id='stack-trace472418835'><pre>java.lang.AssertionError: expected [true] but found [false]
	at org.testng.Assert.fail(Assert.java:110)
	at org.testng.Assert.failNotEquals(Assert.java:1413)
	at org.testng.Assert.assertTrue(Assert.java:56)
	at org.testng.Assert.assertTrue(Assert.java:66)
	at testng_tests.Day4.apiloginCarLoan(Day4.java:29)
	at java.base/jdk.internal.reflect.DirectMethodHandleAccessor.invoke(DirectMethodHandleAccessor.java:103)
	at java.base/java.lang.reflect.Method.invoke(Method.java:580)
	at org.testng.internal.invokers.MethodInvocationHelper.invokeMethod(MethodInvocationHelper.java:139)
	at org.testng.internal.invokers.InvokeMethodRunnable.runOne(InvokeMethodRunnable.java:47)
	at org.testng.internal.invokers.InvokeMethodRunnable.call(InvokeMethodRunnable.java:76)
	at org.testng.internal.invokers.InvokeMethodRunnable.call(InvokeMethodRunnable.java:11)
	at java.base/java.util.concurrent.FutureTask.run(FutureTask.java:317)
	at java.base/java.util.concurrent.ThreadPoolExecutor.runWorker(ThreadPoolExecutor.java:1144)
	at java.base/java.util.concurrent.ThreadPoolExecutor$Worker.run(ThreadPoolExecutor.java:642)
	at java.base/java.lang.Thread.run(Thread.java:1583)
</pre></div></td>
<td>0</td>
<td>testng_tests.Day4@2b71e916</td></tr>
</table><p>
<table width='100%' border='1' class='invocation-passed'>
<tr><td colspan='4' align='center'><b>PASSED TESTS</b></td></tr>
<tr><td><b>Test method</b></td>
<td><b>Attribute(s)</b></td>
<td width="30%"><b>Exception</b></td>
<td width="10%"><b>Time (seconds)</b></td>
<td><b>Instance</b></td>
</tr>
<tr>
<td title='testng_tests.Day4.webloginCarLoan()'><b>webloginCarLoan</b><br>Test class: testng_tests.Day4<br>Parameters: Username3, Password3</td>
<td></td>
<td>0</td>
<td>testng_tests.Day4@2b71e916</td></tr>
<tr>
<td title='testng_tests.Day3.apiloginHomeLoan()'><b>apiloginHomeLoan</b><br>Test class: testng_tests.Day3</td>
<td></td>
<td>0</td>
<td>testng_tests.Day3@411f53a0</td></tr>
<tr>
<td title='testng_tests.Day3.weblogoutHomeLoan()'><b>weblogoutHomeLoan</b><br>Test class: testng_tests.Day3<br>Parameters: loan.com</td>
<td></td>
<td>0</td>
<td>testng_tests.Day3@411f53a0</td></tr>
<tr>
<td title='testng_tests.Day3.mobileloginHomeLoan()'><b>mobileloginHomeLoan</b><br>Test class: testng_tests.Day3</td>
<td></td>
<td>0</td>
<td>testng_tests.Day3@411f53a0</td></tr>
<tr>
<td title='testng_tests.Day4.mobileloginCarLoan()'><b>mobileloginCarLoan</b><br>Test class: testng_tests.Day4</td>
<td></td>
<td>0</td>
<td>testng_tests.Day4@2b71e916</td></tr>
<tr>
<td title='testng_tests.Day4.webloginCarLoan()'><b>webloginCarLoan</b><br>Test class: testng_tests.Day4<br>Parameters: Username2, Password2</td>
<td></td>
<td>0</td>
<td>testng_tests.Day4@2b71e916</td></tr>
<tr>
<td title='testng_tests.Day3.webfunctionHomeLoan()'><b>webfunctionHomeLoan</b><br>Test class: testng_tests.Day3</td>
<td></td>
<td>0</td>
<td>testng_tests.Day3@411f53a0</td></tr>
<tr>
<td title='testng_tests.Day4.webloginCarLoan()'><b>webloginCarLoan</b><br>Test class: testng_tests.Day4<br>Parameters: Username1, Password1</td>
<td></td>
<td>0</td>
<td>testng_tests.Day4@2b71e916</td></tr>
</table><p>
</body>
</html>