<?xml version="1.0" encoding="UTF-8"?>
<!-- Generated by org.testng.reporters.JUnitReportReporter -->
<testsuite hostname="RACIT061" failures="1" tests="5" name="testng_tests.Day4" time="0.020" errors="0" timestamp="2025-01-10T23:51:30 IST" skipped="0">
  <testcase classname="testng_tests.Day4" name="mobileloginCarLoan" time="0.001"/>
  <system-out/>
  <testcase classname="testng_tests.Day4" name="webloginCarLoan" time="0.000"/>
  <system-out/>
  <testcase classname="testng_tests.Day4" name="webloginCarLoan" time="0.002"/>
  <system-out/>
  <testcase classname="testng_tests.Day4" name="webloginCarLoan" time="0.005"/>
  <system-out/>
  <testcase classname="testng_tests.Day4" name="apiloginCarLoan" time="0.012">
    <failure message="expected [true] but found [false]" type="java.lang.AssertionError">
      <![CDATA[java.lang.AssertionError: expected [true] but found [false]
at org.testng.Assert.fail(Assert.java:110)
at org.testng.Assert.failNotEquals(Assert.java:1413)
at org.testng.Assert.assertTrue(Assert.java:56)
at org.testng.Assert.assertTrue(Assert.java:66)
at testng_tests.Day4.apiloginCarLoan(Day4.java:29)
at java.base/jdk.internal.reflect.DirectMethodHandleAccessor.invoke(DirectMethodHandleAccessor.java:103)
at java.base/java.lang.reflect.Method.invoke(Method.java:580)
at org.testng.internal.invokers.MethodInvocationHelper.invokeMethod(MethodInvocationHelper.java:139)
at org.testng.internal.invokers.InvokeMethodRunnable.runOne(InvokeMethodRunnable.java:47)
at org.testng.internal.invokers.InvokeMethodRunnable.call(InvokeMethodRunnable.java:76)
at org.testng.internal.invokers.InvokeMethodRunnable.call(InvokeMethodRunnable.java:11)
at java.base/java.util.concurrent.FutureTask.run(FutureTask.java:317)
at java.base/java.util.concurrent.ThreadPoolExecutor.runWorker(ThreadPoolExecutor.java:1144)
at java.base/java.util.concurrent.ThreadPoolExecutor$Worker.run(ThreadPoolExecutor.java:642)
at java.base/java.lang.Thread.run(Thread.java:1583)
]]>
    </failure>
  </testcase> <!-- apiloginCarLoan -->
  <system-out/>
</testsuite> <!-- testng_tests.Day4 -->
